<?xml version="1.0" encoding="UTF-8"?>
<!-- Generated by org.testng.reporters.JUnitReportReporter -->
<testsuite hostname="DESKTOP-9LVKJG2" failures="0" tests="1" name="com.testng.Testing001" time="44.704" errors="0" timestamp="11 Aug 2023 07:32:00 GMT" skipped="0">
  <testcase classname="com.testng.Testing001" name="setUp" time="44.704"/>
</testsuite> <!-- com.testng.Testing001 -->
